<?xml version="1.0" encoding="UTF-8"?>
<testsuite xmlns:xsi="http://www.w3.org/2001/XMLSchema-instance" xsi:noNamespaceSchemaLocation="https://maven.apache.org/surefire/maven-surefire-plugin/xsd/surefire-test-report-3.0.xsd" version="3.0" name="com.nttdata.migrationdemo.AppTest" time="0.061" tests="3" errors="0" skipped="0" failures="0">
  <properties>
[...]
</properties>
  <testcase name="testEncodeBase64" classname="com.nttdata.migrationdemo.AppTest" time="0.018"/>
  <testcase name="testLegacyDateNotEmpty" classname="com.nttdata.migrationdemo.AppTest" time="0.0"/>
  <testcase name="testOldCollectionExample" classname="com.nttdata.migrationdemo.AppTest" time="0.0"/>
</testsuite>